\BOOKMARK [-1][]{ctitle.-1}{\376\377\151\375\220\123\156\115\155\101\136\046\166\204\172\063\133\232\140\047\124\214\167\254\140\001\162\171\140\047\166\204\145\160\120\074\152\041\142\337\170\024\172\166}{}% 1
\BOOKMARK [0][]{section*.5}{\376\377\0001\000\040\176\352\213\272}{ctitle.-1}% 2
\BOOKMARK [1][]{section*.6}{\376\377\0001\000.\0001\000\040\170\024\172\166\200\314\146\157\116\345\123\312\225\356\230\230\143\320\121\372}{section*.5}% 3
\BOOKMARK [2][]{section*.7}{\376\377\0001\000.\0001\000.\0001\000\040\116\232\116\064\165\114\217\154\143\151\116\016\151\375\220\123\156\115\155\101\136\046}{section*.6}% 4
\BOOKMARK [2][]{section*.13}{\376\377\0001\000.\0001\000.\0002\000\040\156\115\155\101\136\046\201\352\143\001\140\047\124\214\167\254\140\001\140\047}{section*.6}% 5
\BOOKMARK [1][]{section*.20}{\376\377\0001\000.\0002\000\040\147\054\145\207\176\323\147\204}{section*.5}% 6
\BOOKMARK [0][]{section*.21}{\376\377\0002\000\040\145\160\120\074\145\271\154\325}{ctitle.-1}% 7
\BOOKMARK [1][]{section*.22}{\376\377\0002\000.\0001\000\040\213\241\173\227\155\101\117\123\122\233\133\146}{section*.21}% 8
\BOOKMARK [1][]{section*.23}{\376\377\0002\000.\0002\000\040\000N\000e\000k\000t\000a\000r\000+\000+\116\016\214\061\121\103\154\325}{section*.21}% 9
\BOOKMARK [2][]{section*.24}{\376\377\0002\000.\0002\000.\0001\000\040\000N\000e\000k\000t\000a\000r\000+\000+\151\202\217\360}{section*.23}% 10
\BOOKMARK [2][]{section*.25}{\376\377\0002\000.\0002\000.\0002\000\040\217\336\176\355\117\075\217\275\221\321\145\271\154\325\377\010\000C\000G\377\011}{section*.23}% 11
\BOOKMARK [2][]{section*.27}{\376\377\0002\000.\0002\000.\0003\000\040\000V\000C\000S\377\010\220\037\136\246\117\356\153\143\377\011\173\227\154\325}{section*.23}% 12
\BOOKMARK [1][]{section*.28}{\376\377\0002\000.\0003\000\040\134\017\176\323}{section*.21}% 13
\BOOKMARK [0][]{section*.29}{\376\377\0003\000\040\117\247\130\301\116\016\156\115\155\101\136\046\166\204\166\370\116\222\117\134\165\050}{ctitle.-1}% 14
\BOOKMARK [1][]{section*.30}{\376\377\0003\000.\0001\000\040\137\025\212\000}{section*.29}% 15
\BOOKMARK [1][]{section*.31}{\376\377\0003\000.\0002\000\040\145\160\120\074\152\041\127\213}{section*.29}% 16
\BOOKMARK [2][]{section*.32}{\376\377\0003\000.\0002\000.\0001\000\040\156\115\155\101\152\041\127\213}{section*.31}% 17
\BOOKMARK [2][]{section*.33}{\376\377\0003\000.\0002\000.\0002\000\040\213\241\173\227\127\337\116\016\217\271\165\114\147\141\116\366}{section*.31}% 18
\BOOKMARK [2][]{section*.36}{\376\377\0003\000.\0002\000.\0003\000\040\143\247\122\066\145\271\172\013\123\312\171\273\145\143}{section*.31}% 19
\BOOKMARK [2][]{section*.37}{\376\377\0003\000.\0002\000.\0004\000\040\156\115\155\101\136\046\165\037\142\020\143\247\122\066}{section*.31}% 20
\BOOKMARK [1][]{section*.38}{\376\377\0003\000.\0003\000\040\127\372\147\054\155\101\155\101\127\072\122\006\147\220}{section*.29}% 21
\BOOKMARK [1][]{section*.41}{\376\377\0003\000.\0004\000\040\156\115\155\101\136\046\165\037\142\020}{section*.29}% 22
\BOOKMARK [1][]{section*.46}{\376\377\0003\000.\0005\000\040\133\236\232\214\176\323\147\234}{section*.29}% 23
\BOOKMARK [2][]{section*.47}{\376\377\0003\000.\0005\000.\0001\000\040\117\247\130\301\116\016\156\115\155\101\136\046\166\370\116\222\117\134\165\050}{section*.46}% 24
\BOOKMARK [2][]{section*.66}{\376\377\0003\000.\0005\000.\0002\000\040\116\013\156\070\172\357\131\064\155\210\131\061\147\072\122\066}{section*.46}% 25
\BOOKMARK [2][]{section*.76}{\376\377\0003\000.\0005\000.\0003\000\040\156\115\155\101\136\046\155\210\145\143\147\072\122\066\122\006\147\220}{section*.46}% 26
\BOOKMARK [1][]{section*.78}{\376\377\0003\000.\0006\000\040\134\017\176\323}{section*.29}% 27
\BOOKMARK [0][]{section*.79}{\376\377\0004\000\040\156\115\155\101\136\046\133\377\124\175\166\204\171\136\176\317\177\121\176\334\230\204\155\113}{ctitle.-1}% 28
\BOOKMARK [1][]{section*.80}{\376\377\0004\000.\0001\000\040\137\025\212\000}{section*.79}% 29
\BOOKMARK [1][]{section*.81}{\376\377\0004\000.\0002\000\040\000M\000F\000E\167\254\140\001\140\047\230\204\155\113}{section*.79}% 30
\BOOKMARK [2][]{section*.82}{\376\377\0004\000.\0002\000.\0001\000\040\000M\000F\000E\156\115\155\101\166\204\167\254\140\001\140\047\210\150\163\260}{section*.81}% 31
\BOOKMARK [2][]{section*.84}{\376\377\0004\000.\0002\000.\0002\000\040\000M\000F\000E\167\254\140\001\140\047\230\204\155\113\145\271\154\325}{section*.81}% 32
\BOOKMARK [1][]{section*.88}{\376\377\0004\000.\0003\000\040\156\115\155\101\136\046\167\254\140\001\140\047\230\204\155\113}{section*.79}% 33
\BOOKMARK [2][]{section*.89}{\376\377\0004\000.\0003\000.\0001\000\040\145\271\154\325\217\301\171\373}{section*.88}% 34
\BOOKMARK [2][]{section*.90}{\376\377\0004\000.\0003\000.\0002\000\040\156\115\155\101\136\046\210\160\121\317\145\160\143\156}{section*.88}% 35
\BOOKMARK [2][]{section*.92}{\376\377\0004\000.\0003\000.\0003\000\040\000P\000O\000D\152\041\140\001\122\006\211\343}{section*.88}% 36
\BOOKMARK [2][]{section*.98}{\376\377\0004\000.\0003\000.\0004\000\040\171\136\176\317\177\121\176\334\213\255\176\303\116\016\230\204\155\113}{section*.88}% 37
\BOOKMARK [2][]{section*.129}{\376\377\0004\000.\0003\000.\0005\000\040\130\236\137\072\145\160\143\156\162\171\137\201}{section*.88}% 38
\BOOKMARK [1][]{section*.153}{\376\377\0004\000.\0004\000\040\134\017\176\323}{section*.79}% 39
\BOOKMARK [0][]{section*.154}{\376\377\0005\000\040\140\073\176\323\116\016\134\125\147\033}{ctitle.-1}% 40
\BOOKMARK [1][]{section*.155}{\376\377\0005\000.\0001\000\040\121\150\145\207\140\073\176\323}{section*.154}% 41
\BOOKMARK [1][]{section*.156}{\376\377\0005\000.\0002\000\040\147\054\145\207\166\204\122\033\145\260\160\271}{section*.154}% 42
\BOOKMARK [1][]{section*.157}{\376\377\0005\000.\0003\000\040\170\024\172\166\134\125\147\033}{section*.154}% 43
\BOOKMARK [0][]{section*.159}{\376\377\123\302\200\003\145\207\163\056}{ctitle.-1}% 44
\BOOKMARK [0][]{section*.161}{\376\377\123\321\210\150\213\272\145\207\124\214\123\302\122\240\171\321\170\024\140\305\121\265\213\364\146\016}{ctitle.-1}% 45
\BOOKMARK [0][]{section*.163}{\376\377\201\364\000\040\214\042}{ctitle.-1}% 46
